<testsuites tests="7">
	<testsuite name="aggregation" tests="7" failures="0" errors="0" id="0" time="3.210390833" timestamp="2024-06-24 11:04:26.363877 +0530 IST m=+23.706892960">
		<testcase name="CREATE TABLE `t1`&#xA;(&#xA;`id`   int unsigned NOT NULL AUTO_INCREMENT,&#xA;`name` varchar(191) NOT NULL,&#xA;PRIMARY KEY (`id`)&#xA;) ENGINE InnoDB,&#xA;CHARSET utf8mb4,&#xA;COLLATE utf8mb4_unicode_ci;" classname="" status="Line No. - 1"></testcase>
		<testcase name="CREATE TABLE `t2`&#xA;(&#xA;`id`      bigint unsigned NOT NULL AUTO_INCREMENT,&#xA;`t1_id` int unsigned NOT NULL,&#xA;PRIMARY KEY (`id`)&#xA;) ENGINE InnoDB,&#xA;CHARSET utf8mb4,&#xA;COLLATE utf8mb4_unicode_ci;" classname="" status="Line No. - 10"></testcase>
		<testcase name="CREATE TABLE `t3`&#xA;(&#xA;`id`   bigint unsigned NOT NULL AUTO_INCREMENT,&#xA;`name` varchar(191) NOT NULL,&#xA;PRIMARY KEY (`id`)&#xA;) ENGINE InnoDB,&#xA;CHARSET utf8mb4,&#xA;COLLATE utf8mb4_unicode_ci;" classname="" status="Line No. - 19"></testcase>
		<testcase name="insert into t1 (id, name)&#xA;values (1, &#39;A&#39;),&#xA;(2, &#39;B&#39;),&#xA;(3, &#39;C&#39;),&#xA;(4, &#39;D&#39;);" classname="" status="Line No. - 28"></testcase>
		<testcase name="insert into t2 (id, t1_id)&#xA;values (1, 1),&#xA;(2, 2),&#xA;(3, 3);" classname="" status="Line No. - 34"></testcase>
		<testcase name="insert into t3 (id, name)&#xA;values (1, &#39;A&#39;),&#xA;(2, &#39;B&#39;);" classname="" status="Line No. - 39"></testcase>
		<testcase name="select group_concat(t3.name SEPARATOR &#39;, &#39;) as &#34;Group Name&#34;&#xA;from t1&#xA;join t2 on t1.id = t2.t1_id&#xA;left join t3 on t1.id = t3.id&#xA;group by t1.id;" classname="" status="Line No. - 46"></testcase>
	</testsuite>
</testsuites>
