mode: set
github.com/youtube/vitess/go/vt/vtgate/planner.go:65.45,67.2 1 1
github.com/youtube/vitess/go/vt/vtgate/planner.go:70.55,72.2 1 1
github.com/youtube/vitess/go/vt/vtgate/planner.go:75.50,77.2 1 1
github.com/youtube/vitess/go/vt/vtgate/planner.go:80.84,85.38 2 1
github.com/youtube/vitess/go/vt/vtgate/planner.go:98.2,100.14 2 1
github.com/youtube/vitess/go/vt/vtgate/planner.go:85.38,89.24 2 1
github.com/youtube/vitess/go/vt/vtgate/planner.go:96.3,96.47 1 1
github.com/youtube/vitess/go/vt/vtgate/planner.go:89.24,92.31 3 1
github.com/youtube/vitess/go/vt/vtgate/planner.go:92.31,94.5 1 1
github.com/youtube/vitess/go/vt/vtgate/planner.go:146.116,154.24 3 1
github.com/youtube/vitess/go/vt/vtgate/planner.go:158.2,158.12 1 1
github.com/youtube/vitess/go/vt/vtgate/planner.go:154.24,157.3 2 1
github.com/youtube/vitess/go/vt/vtgate/planner.go:168.71,172.12 3 1
github.com/youtube/vitess/go/vt/vtgate/planner.go:269.2,269.11 1 1
github.com/youtube/vitess/go/vt/vtgate/planner.go:172.12,180.69 2 1
github.com/youtube/vitess/go/vt/vtgate/planner.go:231.3,231.7 1 1
github.com/youtube/vitess/go/vt/vtgate/planner.go:180.69,183.16 2 1
github.com/youtube/vitess/go/vt/vtgate/planner.go:195.4,195.16 1 1
github.com/youtube/vitess/go/vt/vtgate/planner.go:202.4,206.16 3 1
github.com/youtube/vitess/go/vt/vtgate/planner.go:216.4,220.30 4 1
github.com/youtube/vitess/go/vt/vtgate/planner.go:225.4,225.24 1 1
github.com/youtube/vitess/go/vt/vtgate/planner.go:183.16,186.19 3 1
github.com/youtube/vitess/go/vt/vtgate/planner.go:186.19,190.32 4 0
github.com/youtube/vitess/go/vt/vtgate/planner.go:190.32,192.7 1 0
github.com/youtube/vitess/go/vt/vtgate/planner.go:195.16,199.5 1 0
github.com/youtube/vitess/go/vt/vtgate/planner.go:206.16,209.5 1 1
github.com/youtube/vitess/go/vt/vtgate/planner.go:209.5,212.27 1 0
github.com/youtube/vitess/go/vt/vtgate/planner.go:212.27,214.6 1 0
github.com/youtube/vitess/go/vt/vtgate/planner.go:220.30,222.5 1 1
github.com/youtube/vitess/go/vt/vtgate/planner.go:225.24,228.5 2 1
github.com/youtube/vitess/go/vt/vtgate/planner.go:231.7,233.26 2 1
github.com/youtube/vitess/go/vt/vtgate/planner.go:245.4,247.27 2 1
github.com/youtube/vitess/go/vt/vtgate/planner.go:264.4,264.31 1 0
github.com/youtube/vitess/go/vt/vtgate/planner.go:233.26,235.38 1 0
github.com/youtube/vitess/go/vt/vtgate/planner.go:238.5,239.31 2 0
github.com/youtube/vitess/go/vt/vtgate/planner.go:242.5,243.13 2 0
github.com/youtube/vitess/go/vt/vtgate/planner.go:235.38,237.6 1 0
github.com/youtube/vitess/go/vt/vtgate/planner.go:239.31,241.6 1 0
github.com/youtube/vitess/go/vt/vtgate/planner.go:247.27,248.21 1 0
github.com/youtube/vitess/go/vt/vtgate/planner.go:260.5,260.29 1 0
github.com/youtube/vitess/go/vt/vtgate/planner.go:248.21,251.33 1 0
github.com/youtube/vitess/go/vt/vtgate/planner.go:254.6,255.32 2 0
github.com/youtube/vitess/go/vt/vtgate/planner.go:258.6,258.11 1 0
github.com/youtube/vitess/go/vt/vtgate/planner.go:251.33,253.7 1 0
github.com/youtube/vitess/go/vt/vtgate/planner.go:255.32,257.7 1 0
github.com/youtube/vitess/go/vt/vtgate/planner.go:273.49,277.2 3 1
github.com/youtube/vitess/go/vt/vtgate/planner.go:281.106,282.26 1 1
github.com/youtube/vitess/go/vt/vtgate/planner.go:285.2,286.20 2 1
github.com/youtube/vitess/go/vt/vtgate/planner.go:289.2,289.42 1 1
github.com/youtube/vitess/go/vt/vtgate/planner.go:292.2,292.20 1 1
github.com/youtube/vitess/go/vt/vtgate/planner.go:304.2,305.16 2 1
github.com/youtube/vitess/go/vt/vtgate/planner.go:308.2,311.20 4 1
github.com/youtube/vitess/go/vt/vtgate/planner.go:314.2,314.46 1 1
github.com/youtube/vitess/go/vt/vtgate/planner.go:317.2,321.16 2 1
github.com/youtube/vitess/go/vt/vtgate/planner.go:324.2,325.18 2 1
github.com/youtube/vitess/go/vt/vtgate/planner.go:282.26,284.3 1 0
github.com/youtube/vitess/go/vt/vtgate/planner.go:286.20,288.3 1 1
github.com/youtube/vitess/go/vt/vtgate/planner.go:289.42,291.3 1 1
github.com/youtube/vitess/go/vt/vtgate/planner.go:292.20,297.17 2 1
github.com/youtube/vitess/go/vt/vtgate/planner.go:300.3,301.19 2 1
github.com/youtube/vitess/go/vt/vtgate/planner.go:297.17,299.4 1 1
github.com/youtube/vitess/go/vt/vtgate/planner.go:305.16,307.3 1 1
github.com/youtube/vitess/go/vt/vtgate/planner.go:311.20,313.3 1 1
github.com/youtube/vitess/go/vt/vtgate/planner.go:314.46,316.3 1 1
github.com/youtube/vitess/go/vt/vtgate/planner.go:321.16,323.3 1 1
github.com/youtube/vitess/go/vt/vtgate/planner.go:330.127,331.26 1 1
github.com/youtube/vitess/go/vt/vtgate/planner.go:334.2,336.64 3 1
github.com/youtube/vitess/go/vt/vtgate/planner.go:342.2,347.10 1 1
github.com/youtube/vitess/go/vt/vtgate/planner.go:331.26,333.3 1 0
github.com/youtube/vitess/go/vt/vtgate/planner.go:336.64,338.17 2 1
github.com/youtube/vitess/go/vt/vtgate/planner.go:338.17,340.4 1 1
github.com/youtube/vitess/go/vt/vtgate/planner.go:352.84,353.68 1 0
github.com/youtube/vitess/go/vt/vtgate/planner.go:357.2,357.46 1 0
github.com/youtube/vitess/go/vt/vtgate/planner.go:353.68,356.3 2 0
github.com/youtube/vitess/go/vt/vtgate/planner.go:357.46,361.26 4 0
github.com/youtube/vitess/go/vt/vtgate/planner.go:361.26,363.41 2 0
github.com/youtube/vitess/go/vt/vtgate/planner.go:363.41,364.65 1 0
github.com/youtube/vitess/go/vt/vtgate/planner.go:369.5,369.37 1 0
github.com/youtube/vitess/go/vt/vtgate/planner.go:364.65,366.6 1 0
github.com/youtube/vitess/go/vt/vtgate/planner.go:366.6,368.6 1 0
github.com/youtube/vitess/go/vt/vtgate/planner.go:372.3,372.49 1 0
github.com/youtube/vitess/go/vt/vtgate/planner.go:372.49,375.17 3 0
github.com/youtube/vitess/go/vt/vtgate/planner.go:379.3,381.30 3 0
github.com/youtube/vitess/go/vt/vtgate/planner.go:375.17,378.4 2 0
github.com/youtube/vitess/go/vt/vtgate/planner.go:382.3,384.3 1 0
github.com/youtube/vitess/go/vt/vtgate/planner.go:388.50,391.29 3 1
github.com/youtube/vitess/go/vt/vtgate/planner.go:396.2,396.25 1 1
github.com/youtube/vitess/go/vt/vtgate/planner.go:391.29,395.3 1 0
github.com/youtube/vitess/go/vt/vtgate/planner.go:404.109,405.24 1 1
github.com/youtube/vitess/go/vt/vtgate/planner.go:408.2,408.63 1 1
github.com/youtube/vitess/go/vt/vtgate/planner.go:405.24,407.3 1 1
github.com/youtube/vitess/go/vt/vtgate/resilient_srv_topo_server.go:142.96,151.2 1 1
github.com/youtube/vitess/go/vt/vtgate/resilient_srv_topo_server.go:154.111,161.9 5 0
github.com/youtube/vitess/go/vt/vtgate/resilient_srv_topo_server.go:167.2,176.59 4 0
github.com/youtube/vitess/go/vt/vtgate/resilient_srv_topo_server.go:181.2,185.16 4 0
github.com/youtube/vitess/go/vt/vtgate/resilient_srv_topo_server.go:197.2,201.20 5 0
github.com/youtube/vitess/go/vt/vtgate/resilient_srv_topo_server.go:161.9,166.3 2 0
github.com/youtube/vitess/go/vt/vtgate/resilient_srv_topo_server.go:176.59,178.3 1 0
github.com/youtube/vitess/go/vt/vtgate/resilient_srv_topo_server.go:185.16,186.35 1 0
github.com/youtube/vitess/go/vt/vtgate/resilient_srv_topo_server.go:186.35,189.4 2 0
github.com/youtube/vitess/go/vt/vtgate/resilient_srv_topo_server.go:189.4,193.4 3 0
github.com/youtube/vitess/go/vt/vtgate/resilient_srv_topo_server.go:205.168,207.2 1 0
github.com/youtube/vitess/go/vt/vtgate/resilient_srv_topo_server.go:209.100,214.8 4 1
github.com/youtube/vitess/go/vt/vtgate/resilient_srv_topo_server.go:218.2,222.9 4 1
github.com/youtube/vitess/go/vt/vtgate/resilient_srv_topo_server.go:229.2,230.14 2 1
github.com/youtube/vitess/go/vt/vtgate/resilient_srv_topo_server.go:214.8,217.3 2 1
github.com/youtube/vitess/go/vt/vtgate/resilient_srv_topo_server.go:222.9,228.3 2 1
github.com/youtube/vitess/go/vt/vtgate/resilient_srv_topo_server.go:234.131,239.24 3 1
github.com/youtube/vitess/go/vt/vtgate/resilient_srv_topo_server.go:244.2,253.24 4 1
github.com/youtube/vitess/go/vt/vtgate/resilient_srv_topo_server.go:260.2,262.24 3 1
github.com/youtube/vitess/go/vt/vtgate/resilient_srv_topo_server.go:273.2,278.12 5 1
github.com/youtube/vitess/go/vt/vtgate/resilient_srv_topo_server.go:303.2,303.37 1 1
github.com/youtube/vitess/go/vt/vtgate/resilient_srv_topo_server.go:239.24,243.3 3 1
github.com/youtube/vitess/go/vt/vtgate/resilient_srv_topo_server.go:253.24,255.3 1 0
github.com/youtube/vitess/go/vt/vtgate/resilient_srv_topo_server.go:262.24,270.3 5 1
github.com/youtube/vitess/go/vt/vtgate/resilient_srv_topo_server.go:278.12,279.26 1 1
github.com/youtube/vitess/go/vt/vtgate/resilient_srv_topo_server.go:279.26,280.20 1 1
github.com/youtube/vitess/go/vt/vtgate/resilient_srv_topo_server.go:295.4,299.24 5 0
github.com/youtube/vitess/go/vt/vtgate/resilient_srv_topo_server.go:280.20,292.5 9 1
github.com/youtube/vitess/go/vt/vtgate/resilient_srv_topo_server.go:321.57,323.2 1 1
github.com/youtube/vitess/go/vt/vtgate/resilient_srv_topo_server.go:326.67,328.2 1 0
github.com/youtube/vitess/go/vt/vtgate/resilient_srv_topo_server.go:331.62,333.2 1 0
github.com/youtube/vitess/go/vt/vtgate/resilient_srv_topo_server.go:346.64,347.21 1 1
github.com/youtube/vitess/go/vt/vtgate/resilient_srv_topo_server.go:351.2,352.56 2 1
github.com/youtube/vitess/go/vt/vtgate/resilient_srv_topo_server.go:360.2,360.39 1 1
github.com/youtube/vitess/go/vt/vtgate/resilient_srv_topo_server.go:365.2,365.34 1 1
github.com/youtube/vitess/go/vt/vtgate/resilient_srv_topo_server.go:372.2,372.30 1 1
github.com/youtube/vitess/go/vt/vtgate/resilient_srv_topo_server.go:347.21,349.3 1 0
github.com/youtube/vitess/go/vt/vtgate/resilient_srv_topo_server.go:352.56,354.59 2 0
github.com/youtube/vitess/go/vt/vtgate/resilient_srv_topo_server.go:357.3,357.19 1 0
github.com/youtube/vitess/go/vt/vtgate/resilient_srv_topo_server.go:354.59,356.4 1 0
github.com/youtube/vitess/go/vt/vtgate/resilient_srv_topo_server.go:360.39,363.3 2 1
github.com/youtube/vitess/go/vt/vtgate/resilient_srv_topo_server.go:365.34,367.42 2 0
github.com/youtube/vitess/go/vt/vtgate/resilient_srv_topo_server.go:367.42,369.4 1 0
github.com/youtube/vitess/go/vt/vtgate/resilient_srv_topo_server.go:379.51,381.2 1 1
github.com/youtube/vitess/go/vt/vtgate/resilient_srv_topo_server.go:384.61,387.2 1 0
github.com/youtube/vitess/go/vt/vtgate/resilient_srv_topo_server.go:390.56,392.2 1 0
github.com/youtube/vitess/go/vt/vtgate/resilient_srv_topo_server.go:401.88,405.53 3 1
github.com/youtube/vitess/go/vt/vtgate/resilient_srv_topo_server.go:416.2,416.48 1 1
github.com/youtube/vitess/go/vt/vtgate/resilient_srv_topo_server.go:428.2,434.15 4 1
github.com/youtube/vitess/go/vt/vtgate/resilient_srv_topo_server.go:405.53,414.3 3 0
github.com/youtube/vitess/go/vt/vtgate/resilient_srv_topo_server.go:416.48,426.3 3 1
github.com/youtube/vitess/go/vt/vtgate/resolver.go:47.83,53.2 1 1
github.com/youtube/vitess/go/vt/vtgate/resolver.go:56.39,57.25 1 1
github.com/youtube/vitess/go/vt/vtgate/resolver.go:58.2,59.21 1 1
github.com/youtube/vitess/go/vt/vtgate/resolver.go:60.2,61.59 1 1
github.com/youtube/vitess/go/vt/vtgate/resolver.go:62.2,63.15 1 1
github.com/youtube/vitess/go/vt/vtgate/resolver.go:71.294,72.54 1 1
github.com/youtube/vitess/go/vt/vtgate/resolver.go:78.2,78.58 1 1
github.com/youtube/vitess/go/vt/vtgate/resolver.go:87.2,87.116 1 1
github.com/youtube/vitess/go/vt/vtgate/resolver.go:72.54,77.3 1 1
github.com/youtube/vitess/go/vt/vtgate/resolver.go:78.58,86.3 1 1
github.com/youtube/vitess/go/vt/vtgate/resolver.go:92.304,93.58 1 1
github.com/youtube/vitess/go/vt/vtgate/resolver.go:102.2,102.116 1 1
github.com/youtube/vitess/go/vt/vtgate/resolver.go:93.58,101.3 1 1
github.com/youtube/vitess/go/vt/vtgate/resolver.go:117.29,119.16 2 1
github.com/youtube/vitess/go/vt/vtgate/resolver.go:122.2,123.6 2 1
github.com/youtube/vitess/go/vt/vtgate/resolver.go:119.16,121.3 1 0
github.com/youtube/vitess/go/vt/vtgate/resolver.go:123.6,134.28 2 1
github.com/youtube/vitess/go/vt/vtgate/resolver.go:156.3,157.17 2 1
github.com/youtube/vitess/go/vt/vtgate/resolver.go:160.3,160.17 1 1
github.com/youtube/vitess/go/vt/vtgate/resolver.go:134.28,137.18 3 1
github.com/youtube/vitess/go/vt/vtgate/resolver.go:142.4,142.31 1 1
github.com/youtube/vitess/go/vt/vtgate/resolver.go:147.4,147.38 1 1
github.com/youtube/vitess/go/vt/vtgate/resolver.go:152.4,152.18 1 1
github.com/youtube/vitess/go/vt/vtgate/resolver.go:137.18,140.5 2 0
github.com/youtube/vitess/go/vt/vtgate/resolver.go:142.31,145.5 2 1
github.com/youtube/vitess/go/vt/vtgate/resolver.go:147.38,150.5 2 1
github.com/youtube/vitess/go/vt/vtgate/resolver.go:152.18,153.13 1 1
github.com/youtube/vitess/go/vt/vtgate/resolver.go:157.17,159.4 1 1
github.com/youtube/vitess/go/vt/vtgate/resolver.go:177.29,185.16 2 1
github.com/youtube/vitess/go/vt/vtgate/resolver.go:188.2,191.6 4 1
github.com/youtube/vitess/go/vt/vtgate/resolver.go:185.16,187.3 1 0
github.com/youtube/vitess/go/vt/vtgate/resolver.go:191.6,202.28 2 1
github.com/youtube/vitess/go/vt/vtgate/resolver.go:233.3,234.17 2 1
github.com/youtube/vitess/go/vt/vtgate/resolver.go:237.3,237.17 1 1
github.com/youtube/vitess/go/vt/vtgate/resolver.go:202.28,211.18 3 1
github.com/youtube/vitess/go/vt/vtgate/resolver.go:216.4,216.31 1 1
github.com/youtube/vitess/go/vt/vtgate/resolver.go:221.4,222.38 2 1
github.com/youtube/vitess/go/vt/vtgate/resolver.go:229.4,229.18 1 1
github.com/youtube/vitess/go/vt/vtgate/resolver.go:211.18,214.5 2 0
github.com/youtube/vitess/go/vt/vtgate/resolver.go:216.31,219.5 2 1
github.com/youtube/vitess/go/vt/vtgate/resolver.go:222.38,227.5 4 1
github.com/youtube/vitess/go/vt/vtgate/resolver.go:229.18,230.13 1 1
github.com/youtube/vitess/go/vt/vtgate/resolver.go:234.17,236.4 1 1
github.com/youtube/vitess/go/vt/vtgate/resolver.go:244.250,245.60 1 1
github.com/youtube/vitess/go/vt/vtgate/resolver.go:252.2,252.94 1 1
github.com/youtube/vitess/go/vt/vtgate/resolver.go:245.60,247.17 2 1
github.com/youtube/vitess/go/vt/vtgate/resolver.go:250.3,250.62 1 1
github.com/youtube/vitess/go/vt/vtgate/resolver.go:247.17,249.4 1 0
github.com/youtube/vitess/go/vt/vtgate/resolver.go:264.30,266.16 2 1
github.com/youtube/vitess/go/vt/vtgate/resolver.go:269.2,270.6 2 1
github.com/youtube/vitess/go/vt/vtgate/resolver.go:266.16,268.3 1 0
github.com/youtube/vitess/go/vt/vtgate/resolver.go:270.6,279.20 2 1
github.com/youtube/vitess/go/vt/vtgate/resolver.go:285.3,285.28 1 1
github.com/youtube/vitess/go/vt/vtgate/resolver.go:299.3,300.18 2 1
github.com/youtube/vitess/go/vt/vtgate/resolver.go:279.20,282.4 2 1
github.com/youtube/vitess/go/vt/vtgate/resolver.go:285.28,287.23 2 1
github.com/youtube/vitess/go/vt/vtgate/resolver.go:292.4,292.58 1 1
github.com/youtube/vitess/go/vt/vtgate/resolver.go:296.4,297.12 2 1
github.com/youtube/vitess/go/vt/vtgate/resolver.go:287.23,290.5 2 0
github.com/youtube/vitess/go/vt/vtgate/resolver.go:292.58,295.5 2 1
github.com/youtube/vitess/go/vt/vtgate/resolver.go:310.270,311.58 1 1
github.com/youtube/vitess/go/vt/vtgate/resolver.go:320.2,320.106 1 1
github.com/youtube/vitess/go/vt/vtgate/resolver.go:311.58,319.3 1 1
github.com/youtube/vitess/go/vt/vtgate/resolver.go:329.280,330.58 1 1
github.com/youtube/vitess/go/vt/vtgate/resolver.go:339.2,339.106 1 1
github.com/youtube/vitess/go/vt/vtgate/resolver.go:330.58,338.3 1 1
github.com/youtube/vitess/go/vt/vtgate/resolver.go:355.9,357.16 2 1
github.com/youtube/vitess/go/vt/vtgate/resolver.go:360.2,369.12 2 1
github.com/youtube/vitess/go/vt/vtgate/resolver.go:357.16,359.3 1 0
github.com/youtube/vitess/go/vt/vtgate/resolver.go:374.253,375.17 1 0
github.com/youtube/vitess/go/vt/vtgate/resolver.go:405.2,406.42 2 0
github.com/youtube/vitess/go/vt/vtgate/resolver.go:410.2,415.108 2 0
github.com/youtube/vitess/go/vt/vtgate/resolver.go:375.17,379.17 3 0
github.com/youtube/vitess/go/vt/vtgate/resolver.go:379.17,381.4 1 0
github.com/youtube/vitess/go/vt/vtgate/resolver.go:382.3,393.17 4 0
github.com/youtube/vitess/go/vt/vtgate/resolver.go:396.3,396.23 1 0
github.com/youtube/vitess/go/vt/vtgate/resolver.go:399.3,399.20 1 0
github.com/youtube/vitess/go/vt/vtgate/resolver.go:393.17,395.4 1 0
github.com/youtube/vitess/go/vt/vtgate/resolver.go:396.23,398.4 1 0
github.com/youtube/vitess/go/vt/vtgate/resolver.go:406.42,409.3 2 0
github.com/youtube/vitess/go/vt/vtgate/resolver.go:415.108,417.27 2 0
github.com/youtube/vitess/go/vt/vtgate/resolver.go:421.3,421.34 1 0
github.com/youtube/vitess/go/vt/vtgate/resolver.go:417.27,420.4 2 0
github.com/youtube/vitess/go/vt/vtgate/resolver.go:426.76,428.2 1 0
github.com/youtube/vitess/go/vt/vtgate/resolver.go:431.37,432.22 1 1
github.com/youtube/vitess/go/vt/vtgate/resolver.go:435.2,437.22 3 1
github.com/youtube/vitess/go/vt/vtgate/resolver.go:442.2,442.13 1 1
github.com/youtube/vitess/go/vt/vtgate/resolver.go:432.22,434.3 1 0
github.com/youtube/vitess/go/vt/vtgate/resolver.go:437.22,438.16 1 1
github.com/youtube/vitess/go/vt/vtgate/resolver.go:438.16,440.4 1 1
github.com/youtube/vitess/go/vt/vtgate/resolver.go:445.185,450.37 5 1
github.com/youtube/vitess/go/vt/vtgate/resolver.go:467.2,467.31 1 1
github.com/youtube/vitess/go/vt/vtgate/resolver.go:450.37,454.31 4 1
github.com/youtube/vitess/go/vt/vtgate/resolver.go:457.3,465.14 9 1
github.com/youtube/vitess/go/vt/vtgate/resolver.go:454.31,456.4 1 1
github.com/youtube/vitess/go/vt/vtgate/resolver.go:470.54,475.92 3 1
github.com/youtube/vitess/go/vt/vtgate/resolver.go:478.2,478.92 1 1
github.com/youtube/vitess/go/vt/vtgate/resolver.go:481.2,481.83 1 1
github.com/youtube/vitess/go/vt/vtgate/resolver.go:484.2,484.100 1 1
github.com/youtube/vitess/go/vt/vtgate/resolver.go:487.2,489.36 3 1
github.com/youtube/vitess/go/vt/vtgate/resolver.go:494.2,495.25 2 1
github.com/youtube/vitess/go/vt/vtgate/resolver.go:498.2,498.19 1 1
github.com/youtube/vitess/go/vt/vtgate/resolver.go:475.92,477.3 1 1
github.com/youtube/vitess/go/vt/vtgate/resolver.go:478.92,480.3 1 1
github.com/youtube/vitess/go/vt/vtgate/resolver.go:481.83,483.3 1 0
github.com/youtube/vitess/go/vt/vtgate/resolver.go:484.100,486.3 1 1
github.com/youtube/vitess/go/vt/vtgate/resolver.go:489.36,491.3 1 1
github.com/youtube/vitess/go/vt/vtgate/resolver.go:491.3,493.3 1 1
github.com/youtube/vitess/go/vt/vtgate/resolver.go:495.25,497.3 1 1
github.com/youtube/vitess/go/vt/vtgate/topo_utils.go:25.184,27.16 2 1
github.com/youtube/vitess/go/vt/vtgate/topo_utils.go:30.2,31.35 2 1
github.com/youtube/vitess/go/vt/vtgate/topo_utils.go:38.2,39.24 2 1
github.com/youtube/vitess/go/vt/vtgate/topo_utils.go:42.2,42.27 1 1
github.com/youtube/vitess/go/vt/vtgate/topo_utils.go:27.16,29.3 1 0
github.com/youtube/vitess/go/vt/vtgate/topo_utils.go:31.35,33.17 2 1
github.com/youtube/vitess/go/vt/vtgate/topo_utils.go:36.3,36.23 1 1
github.com/youtube/vitess/go/vt/vtgate/topo_utils.go:33.17,35.4 1 0
github.com/youtube/vitess/go/vt/vtgate/topo_utils.go:39.24,41.3 1 1
github.com/youtube/vitess/go/vt/vtgate/topo_utils.go:45.155,47.16 2 1
github.com/youtube/vitess/go/vt/vtgate/topo_utils.go:50.2,50.25 1 1
github.com/youtube/vitess/go/vt/vtgate/topo_utils.go:55.2,55.41 1 1
github.com/youtube/vitess/go/vt/vtgate/topo_utils.go:47.16,49.3 1 0
github.com/youtube/vitess/go/vt/vtgate/topo_utils.go:50.25,54.3 1 0
github.com/youtube/vitess/go/vt/vtgate/topo_utils.go:58.202,60.16 2 1
github.com/youtube/vitess/go/vt/vtgate/topo_utils.go:68.2,68.44 1 1
github.com/youtube/vitess/go/vt/vtgate/topo_utils.go:81.2,82.22 2 1
github.com/youtube/vitess/go/vt/vtgate/topo_utils.go:88.2,88.62 1 1
github.com/youtube/vitess/go/vt/vtgate/topo_utils.go:60.16,65.3 1 1
github.com/youtube/vitess/go/vt/vtgate/topo_utils.go:68.44,69.34 1 1
github.com/youtube/vitess/go/vt/vtgate/topo_utils.go:69.34,72.18 3 1
github.com/youtube/vitess/go/vt/vtgate/topo_utils.go:72.18,77.5 1 0
github.com/youtube/vitess/go/vt/vtgate/topo_utils.go:82.22,87.3 1 0
github.com/youtube/vitess/go/vt/vtgate/topo_utils.go:91.103,92.25 1 1
github.com/youtube/vitess/go/vt/vtgate/topo_utils.go:98.2,98.43 1 1
github.com/youtube/vitess/go/vt/vtgate/topo_utils.go:103.2,105.3 1 1
github.com/youtube/vitess/go/vt/vtgate/topo_utils.go:92.25,96.3 1 0
github.com/youtube/vitess/go/vt/vtgate/topo_utils.go:98.43,99.64 1 1
github.com/youtube/vitess/go/vt/vtgate/topo_utils.go:99.64,101.4 1 1
github.com/youtube/vitess/go/vt/vtgate/topo_utils.go:108.232,110.16 2 1
github.com/youtube/vitess/go/vt/vtgate/topo_utils.go:113.2,114.32 2 1
github.com/youtube/vitess/go/vt/vtgate/topo_utils.go:125.2,125.30 1 1
github.com/youtube/vitess/go/vt/vtgate/topo_utils.go:110.16,112.3 1 0
github.com/youtube/vitess/go/vt/vtgate/topo_utils.go:114.32,116.17 2 1
github.com/youtube/vitess/go/vt/vtgate/topo_utils.go:119.3,120.17 2 1
github.com/youtube/vitess/go/vt/vtgate/topo_utils.go:123.3,123.54 1 1
github.com/youtube/vitess/go/vt/vtgate/topo_utils.go:116.17,118.4 1 0
github.com/youtube/vitess/go/vt/vtgate/topo_utils.go:120.17,122.4 1 0
github.com/youtube/vitess/go/vt/vtgate/topo_utils.go:131.188,133.16 2 1
github.com/youtube/vitess/go/vt/vtgate/topo_utils.go:136.2,137.25 2 1
github.com/youtube/vitess/go/vt/vtgate/topo_utils.go:140.2,141.30 2 1
github.com/youtube/vitess/go/vt/vtgate/topo_utils.go:144.2,144.27 1 1
github.com/youtube/vitess/go/vt/vtgate/topo_utils.go:133.16,135.3 1 0
github.com/youtube/vitess/go/vt/vtgate/topo_utils.go:137.25,139.3 1 1
github.com/youtube/vitess/go/vt/vtgate/topo_utils.go:141.30,143.3 1 1
github.com/youtube/vitess/go/vt/vtgate/topo_utils.go:148.120,149.32 1 1
github.com/youtube/vitess/go/vt/vtgate/topo_utils.go:155.2,155.34 1 1
github.com/youtube/vitess/go/vt/vtgate/topo_utils.go:149.32,150.35 1 1
github.com/youtube/vitess/go/vt/vtgate/topo_utils.go:153.3,153.9 1 1
github.com/youtube/vitess/go/vt/vtgate/topo_utils.go:150.35,152.4 1 1
github.com/youtube/vitess/go/vt/vtgate/topo_utils.go:155.34,156.49 1 1
github.com/youtube/vitess/go/vt/vtgate/topo_utils.go:156.49,158.4 1 1
github.com/youtube/vitess/go/vt/vtgate/topo_utils.go:164.202,166.16 2 1
github.com/youtube/vitess/go/vt/vtgate/topo_utils.go:169.2,170.32 2 1
github.com/youtube/vitess/go/vt/vtgate/topo_utils.go:176.2,176.32 1 1
github.com/youtube/vitess/go/vt/vtgate/topo_utils.go:183.2,185.3 1 1
github.com/youtube/vitess/go/vt/vtgate/topo_utils.go:166.16,168.3 1 0
github.com/youtube/vitess/go/vt/vtgate/topo_utils.go:170.32,171.79 1 1
github.com/youtube/vitess/go/vt/vtgate/topo_utils.go:174.3,174.13 1 1
github.com/youtube/vitess/go/vt/vtgate/topo_utils.go:171.79,172.9 1 1
github.com/youtube/vitess/go/vt/vtgate/topo_utils.go:176.32,178.75 2 1
github.com/youtube/vitess/go/vt/vtgate/topo_utils.go:181.3,181.13 1 1
github.com/youtube/vitess/go/vt/vtgate/topo_utils.go:178.75,180.4 1 1
github.com/youtube/vitess/go/vt/vtgate/topo_utils.go:188.117,193.42 2 1
github.com/youtube/vitess/go/vt/vtgate/topo_utils.go:212.2,212.22 1 1
github.com/youtube/vitess/go/vt/vtgate/topo_utils.go:193.42,194.48 1 1
github.com/youtube/vitess/go/vt/vtgate/topo_utils.go:194.48,197.22 3 1
github.com/youtube/vitess/go/vt/vtgate/topo_utils.go:204.4,205.18 2 1
github.com/youtube/vitess/go/vt/vtgate/topo_utils.go:208.4,209.60 2 1
github.com/youtube/vitess/go/vt/vtgate/topo_utils.go:197.22,203.5 2 1
github.com/youtube/vitess/go/vt/vtgate/topo_utils.go:205.18,207.5 1 0
github.com/youtube/vitess/go/vt/vtgate/topo_utils.go:215.226,217.36 2 1
github.com/youtube/vitess/go/vt/vtgate/topo_utils.go:228.2,228.26 1 1
github.com/youtube/vitess/go/vt/vtgate/topo_utils.go:217.36,219.17 2 1
github.com/youtube/vitess/go/vt/vtgate/topo_utils.go:222.3,226.4 1 1
github.com/youtube/vitess/go/vt/vtgate/topo_utils.go:219.17,221.4 1 0
github.com/youtube/vitess/go/vt/vtgate/tx_conn.go:32.44,34.2 1 1
github.com/youtube/vitess/go/vt/vtgate/tx_conn.go:38.88,39.20 1 1
github.com/youtube/vitess/go/vt/vtgate/tx_conn.go:42.2,42.30 1 1
github.com/youtube/vitess/go/vt/vtgate/tx_conn.go:45.2,45.11 1 1
github.com/youtube/vitess/go/vt/vtgate/tx_conn.go:48.2,48.39 1 1
github.com/youtube/vitess/go/vt/vtgate/tx_conn.go:39.20,41.3 1 1
github.com/youtube/vitess/go/vt/vtgate/tx_conn.go:42.30,44.3 1 1
github.com/youtube/vitess/go/vt/vtgate/tx_conn.go:45.11,47.3 1 1
github.com/youtube/vitess/go/vt/vtgate/tx_conn.go:51.82,54.57 3 1
github.com/youtube/vitess/go/vt/vtgate/tx_conn.go:63.2,64.12 2 1
github.com/youtube/vitess/go/vt/vtgate/tx_conn.go:54.57,55.18 1 1
github.com/youtube/vitess/go/vt/vtgate/tx_conn.go:59.3,59.97 1 1
github.com/youtube/vitess/go/vt/vtgate/tx_conn.go:55.18,57.12 2 1
github.com/youtube/vitess/go/vt/vtgate/tx_conn.go:59.97,61.4 1 1
github.com/youtube/vitess/go/vt/vtgate/tx_conn.go:67.79,69.41 1 1
github.com/youtube/vitess/go/vt/vtgate/tx_conn.go:73.2,74.50 2 1
github.com/youtube/vitess/go/vt/vtgate/tx_conn.go:77.2,80.16 4 1
github.com/youtube/vitess/go/vt/vtgate/tx_conn.go:86.2,86.100 1 1
github.com/youtube/vitess/go/vt/vtgate/tx_conn.go:89.2,89.16 1 1
github.com/youtube/vitess/go/vt/vtgate/tx_conn.go:99.2,100.16 2 1
github.com/youtube/vitess/go/vt/vtgate/tx_conn.go:104.2,104.100 1 1
github.com/youtube/vitess/go/vt/vtgate/tx_conn.go:107.2,107.16 1 1
github.com/youtube/vitess/go/vt/vtgate/tx_conn.go:111.2,111.67 1 1
github.com/youtube/vitess/go/vt/vtgate/tx_conn.go:69.41,71.3 1 1
github.com/youtube/vitess/go/vt/vtgate/tx_conn.go:74.50,76.3 1 1
github.com/youtube/vitess/go/vt/vtgate/tx_conn.go:80.16,84.3 2 1
github.com/youtube/vitess/go/vt/vtgate/tx_conn.go:86.100,88.3 1 1
github.com/youtube/vitess/go/vt/vtgate/tx_conn.go:89.16,92.60 1 1
github.com/youtube/vitess/go/vt/vtgate/tx_conn.go:96.3,96.13 1 1
github.com/youtube/vitess/go/vt/vtgate/tx_conn.go:92.60,94.4 1 0
github.com/youtube/vitess/go/vt/vtgate/tx_conn.go:100.16,102.3 1 1
github.com/youtube/vitess/go/vt/vtgate/tx_conn.go:104.100,106.3 1 1
github.com/youtube/vitess/go/vt/vtgate/tx_conn.go:107.16,109.3 1 1
github.com/youtube/vitess/go/vt/vtgate/tx_conn.go:115.78,116.30 1 1
github.com/youtube/vitess/go/vt/vtgate/tx_conn.go:119.2,120.97 2 1
github.com/youtube/vitess/go/vt/vtgate/tx_conn.go:116.30,118.3 1 1
github.com/youtube/vitess/go/vt/vtgate/tx_conn.go:120.97,122.3 1 1
github.com/youtube/vitess/go/vt/vtgate/tx_conn.go:126.68,128.16 2 1
github.com/youtube/vitess/go/vt/vtgate/tx_conn.go:132.2,133.16 2 1
github.com/youtube/vitess/go/vt/vtgate/tx_conn.go:136.2,136.50 1 1
github.com/youtube/vitess/go/vt/vtgate/tx_conn.go:140.2,140.27 1 1
github.com/youtube/vitess/go/vt/vtgate/tx_conn.go:160.2,160.12 1 1
github.com/youtube/vitess/go/vt/vtgate/tx_conn.go:128.16,130.3 1 1
github.com/youtube/vitess/go/vt/vtgate/tx_conn.go:133.16,135.3 1 1
github.com/youtube/vitess/go/vt/vtgate/tx_conn.go:136.50,139.3 1 1
github.com/youtube/vitess/go/vt/vtgate/tx_conn.go:141.2,144.111 1 1
github.com/youtube/vitess/go/vt/vtgate/tx_conn.go:147.3,147.14 1 1
github.com/youtube/vitess/go/vt/vtgate/tx_conn.go:148.2,149.78 1 1
github.com/youtube/vitess/go/vt/vtgate/tx_conn.go:152.2,153.76 1 1
github.com/youtube/vitess/go/vt/vtgate/tx_conn.go:156.2,158.114 1 1
github.com/youtube/vitess/go/vt/vtgate/tx_conn.go:144.111,146.4 1 1
github.com/youtube/vitess/go/vt/vtgate/tx_conn.go:149.78,151.4 1 1
github.com/youtube/vitess/go/vt/vtgate/tx_conn.go:153.76,155.4 1 1
github.com/youtube/vitess/go/vt/vtgate/tx_conn.go:163.128,164.80 1 1
github.com/youtube/vitess/go/vt/vtgate/tx_conn.go:167.2,167.16 1 1
github.com/youtube/vitess/go/vt/vtgate/tx_conn.go:170.2,170.71 1 1
github.com/youtube/vitess/go/vt/vtgate/tx_conn.go:164.80,166.3 1 1
github.com/youtube/vitess/go/vt/vtgate/tx_conn.go:167.16,169.3 1 1
github.com/youtube/vitess/go/vt/vtgate/tx_conn.go:173.126,174.80 1 1
github.com/youtube/vitess/go/vt/vtgate/tx_conn.go:177.2,177.16 1 1
github.com/youtube/vitess/go/vt/vtgate/tx_conn.go:180.2,180.71 1 1
github.com/youtube/vitess/go/vt/vtgate/tx_conn.go:174.80,176.3 1 1
github.com/youtube/vitess/go/vt/vtgate/tx_conn.go:177.16,179.3 1 1
github.com/youtube/vitess/go/vt/vtgate/tx_conn.go:184.128,186.33 1 1
github.com/youtube/vitess/go/vt/vtgate/tx_conn.go:190.2,192.38 3 1
github.com/youtube/vitess/go/vt/vtgate/tx_conn.go:201.2,202.51 2 1
github.com/youtube/vitess/go/vt/vtgate/tx_conn.go:186.33,188.3 1 1
github.com/youtube/vitess/go/vt/vtgate/tx_conn.go:192.38,194.32 2 1
github.com/youtube/vitess/go/vt/vtgate/tx_conn.go:194.32,196.57 2 1
github.com/youtube/vitess/go/vt/vtgate/tx_conn.go:196.57,198.5 1 1
github.com/youtube/vitess/go/vt/vtgate/tx_conn.go:207.100,208.23 1 1
github.com/youtube/vitess/go/vt/vtgate/tx_conn.go:211.2,213.28 3 1
github.com/youtube/vitess/go/vt/vtgate/tx_conn.go:222.2,223.51 2 1
github.com/youtube/vitess/go/vt/vtgate/tx_conn.go:208.23,210.3 1 1
github.com/youtube/vitess/go/vt/vtgate/tx_conn.go:213.28,215.30 2 1
github.com/youtube/vitess/go/vt/vtgate/tx_conn.go:215.30,217.36 2 1
github.com/youtube/vitess/go/vt/vtgate/tx_conn.go:217.36,219.5 1 1
github.com/youtube/vitess/go/vt/vtgate/tx_conn.go:226.50,232.2 1 1
github.com/youtube/vitess/go/vt/vtgate/vtgate.go:56.22,58.26 2 1
github.com/youtube/vitess/go/vt/vtgate/vtgate.go:70.2,70.15 1 1
github.com/youtube/vitess/go/vt/vtgate/vtgate.go:59.2,61.20 2 0
github.com/youtube/vitess/go/vt/vtgate/vtgate.go:62.2,63.56 1 1
github.com/youtube/vitess/go/vt/vtgate/vtgate.go:64.2,66.19 2 0
github.com/youtube/vitess/go/vt/vtgate/vtgate.go:67.2,68.103 1 0
github.com/youtube/vitess/go/vt/vtgate/vtgate.go:141.187,142.22 1 1
github.com/youtube/vitess/go/vt/vtgate/vtgate.go:148.2,194.23 16 1
github.com/youtube/vitess/go/vt/vtgate/vtgate.go:199.2,200.18 2 1
github.com/youtube/vitess/go/vt/vtgate/vtgate.go:142.22,144.3 1 0
github.com/youtube/vitess/go/vt/vtgate/vtgate.go:194.23,195.37 1 0
github.com/youtube/vitess/go/vt/vtgate/vtgate.go:195.37,197.4 1 0
github.com/youtube/vitess/go/vt/vtgate/vtgate.go:203.49,204.80 1 1
github.com/youtube/vitess/go/vt/vtgate/vtgate.go:204.80,205.64 1 0
github.com/youtube/vitess/go/vt/vtgate/vtgate.go:209.3,210.41 2 0
github.com/youtube/vitess/go/vt/vtgate/vtgate.go:214.3,214.24 1 0
github.com/youtube/vitess/go/vt/vtgate/vtgate.go:205.64,208.4 2 0
github.com/youtube/vitess/go/vt/vtgate/vtgate.go:210.41,213.4 2 0
github.com/youtube/vitess/go/vt/vtgate/vtgate.go:220.38,222.2 1 0
github.com/youtube/vitess/go/vt/vtgate/vtgate.go:225.259,232.16 6 1
github.com/youtube/vitess/go/vt/vtgate/vtgate.go:237.2,247.17 3 1
github.com/youtube/vitess/go/vt/vtgate/vtgate.go:232.16,235.3 2 1
github.com/youtube/vitess/go/vt/vtgate/vtgate.go:251.282,266.51 6 1
github.com/youtube/vitess/go/vt/vtgate/vtgate.go:272.2,272.16 1 1
github.com/youtube/vitess/go/vt/vtgate/vtgate.go:277.2,288.17 3 1
github.com/youtube/vitess/go/vt/vtgate/vtgate.go:266.51,268.4 1 1
github.com/youtube/vitess/go/vt/vtgate/vtgate.go:272.16,275.3 2 1
github.com/youtube/vitess/go/vt/vtgate/vtgate.go:292.292,301.16 7 1
github.com/youtube/vitess/go/vt/vtgate/vtgate.go:306.2,317.17 3 1
github.com/youtube/vitess/go/vt/vtgate/vtgate.go:301.16,304.3 2 1
github.com/youtube/vitess/go/vt/vtgate/vtgate.go:321.302,330.16 7 1
github.com/youtube/vitess/go/vt/vtgate/vtgate.go:335.2,346.17 3 1
github.com/youtube/vitess/go/vt/vtgate/vtgate.go:330.16,333.3 2 1
github.com/youtube/vitess/go/vt/vtgate/vtgate.go:350.357,359.16 7 1
github.com/youtube/vitess/go/vt/vtgate/vtgate.go:364.2,376.17 3 1
github.com/youtube/vitess/go/vt/vtgate/vtgate.go:359.16,362.3 2 1
github.com/youtube/vitess/go/vt/vtgate/vtgate.go:380.300,387.16 6 0
github.com/youtube/vitess/go/vt/vtgate/vtgate.go:396.2,407.17 3 0
github.com/youtube/vitess/go/vt/vtgate/vtgate.go:387.16,388.36 1 0
github.com/youtube/vitess/go/vt/vtgate/vtgate.go:393.3,393.17 1 0
github.com/youtube/vitess/go/vt/vtgate/vtgate.go:388.36,389.40 1 0
github.com/youtube/vitess/go/vt/vtgate/vtgate.go:389.40,391.5 1 0
github.com/youtube/vitess/go/vt/vtgate/vtgate.go:411.238,425.40 6 1
github.com/youtube/vitess/go/vt/vtgate/vtgate.go:428.2,428.16 1 1
github.com/youtube/vitess/go/vt/vtgate/vtgate.go:437.2,445.17 3 1
github.com/youtube/vitess/go/vt/vtgate/vtgate.go:425.40,427.4 1 1
github.com/youtube/vitess/go/vt/vtgate/vtgate.go:428.16,430.26 2 1
github.com/youtube/vitess/go/vt/vtgate/vtgate.go:433.3,434.18 2 1
github.com/youtube/vitess/go/vt/vtgate/vtgate.go:430.26,432.4 1 1
github.com/youtube/vitess/go/vt/vtgate/vtgate.go:449.248,464.16 7 1
github.com/youtube/vitess/go/vt/vtgate/vtgate.go:473.2,481.17 3 1
github.com/youtube/vitess/go/vt/vtgate/vtgate.go:464.16,466.26 2 1
github.com/youtube/vitess/go/vt/vtgate/vtgate.go:469.3,470.18 2 1
github.com/youtube/vitess/go/vt/vtgate/vtgate.go:466.26,468.4 1 1
github.com/youtube/vitess/go/vt/vtgate/vtgate.go:485.235,498.38 5 1
github.com/youtube/vitess/go/vt/vtgate/vtgate.go:503.2,503.16 1 1
github.com/youtube/vitess/go/vt/vtgate/vtgate.go:513.2,513.12 1 1
github.com/youtube/vitess/go/vt/vtgate/vtgate.go:498.38,501.4 2 1
github.com/youtube/vitess/go/vt/vtgate/vtgate.go:503.16,512.3 2 1
github.com/youtube/vitess/go/vt/vtgate/vtgate.go:522.268,536.38 5 1
github.com/youtube/vitess/go/vt/vtgate/vtgate.go:541.2,541.16 1 1
github.com/youtube/vitess/go/vt/vtgate/vtgate.go:552.2,552.12 1 1
github.com/youtube/vitess/go/vt/vtgate/vtgate.go:536.38,539.4 2 1
github.com/youtube/vitess/go/vt/vtgate/vtgate.go:541.16,551.3 2 1
github.com/youtube/vitess/go/vt/vtgate/vtgate.go:561.278,575.38 5 1
github.com/youtube/vitess/go/vt/vtgate/vtgate.go:580.2,580.16 1 1
github.com/youtube/vitess/go/vt/vtgate/vtgate.go:591.2,591.12 1 1
github.com/youtube/vitess/go/vt/vtgate/vtgate.go:575.38,578.4 2 1
github.com/youtube/vitess/go/vt/vtgate/vtgate.go:580.16,590.3 2 1
github.com/youtube/vitess/go/vt/vtgate/vtgate.go:595.258,607.51 5 1
github.com/youtube/vitess/go/vt/vtgate/vtgate.go:616.2,616.16 1 1
github.com/youtube/vitess/go/vt/vtgate/vtgate.go:627.2,627.12 1 1
github.com/youtube/vitess/go/vt/vtgate/vtgate.go:607.51,609.4 1 1
github.com/youtube/vitess/go/vt/vtgate/vtgate.go:611.38,614.4 2 1
github.com/youtube/vitess/go/vt/vtgate/vtgate.go:616.16,626.3 2 1
github.com/youtube/vitess/go/vt/vtgate/vtgate.go:631.89,632.50 1 1
github.com/youtube/vitess/go/vt/vtgate/vtgate.go:635.2,638.8 1 1
github.com/youtube/vitess/go/vt/vtgate/vtgate.go:632.50,634.3 1 1
github.com/youtube/vitess/go/vt/vtgate/vtgate.go:642.93,643.45 1 1
github.com/youtube/vitess/go/vt/vtgate/vtgate.go:648.2,648.76 1 1
github.com/youtube/vitess/go/vt/vtgate/vtgate.go:643.45,647.3 2 1
github.com/youtube/vitess/go/vt/vtgate/vtgate.go:652.83,654.2 1 1
github.com/youtube/vitess/go/vt/vtgate/vtgate.go:657.79,659.2 1 0
github.com/youtube/vitess/go/vt/vtgate/vtgate.go:666.107,667.71 1 1
github.com/youtube/vitess/go/vt/vtgate/vtgate.go:672.2,672.54 1 1
github.com/youtube/vitess/go/vt/vtgate/vtgate.go:679.2,679.14 1 1
github.com/youtube/vitess/go/vt/vtgate/vtgate.go:667.71,671.3 1 1
github.com/youtube/vitess/go/vt/vtgate/vtgate.go:672.54,676.3 1 0
github.com/youtube/vitess/go/vt/vtgate/vtgate.go:694.94,699.16 2 1
github.com/youtube/vitess/go/vt/vtgate/vtgate.go:705.2,712.60 3 1
github.com/youtube/vitess/go/vt/vtgate/vtgate.go:725.2,726.37 2 1
github.com/youtube/vitess/go/vt/vtgate/vtgate.go:729.2,739.12 1 1
github.com/youtube/vitess/go/vt/vtgate/vtgate.go:699.16,701.3 1 0
github.com/youtube/vitess/go/vt/vtgate/vtgate.go:712.60,715.38 2 1
github.com/youtube/vitess/go/vt/vtgate/vtgate.go:718.3,718.88 1 1
github.com/youtube/vitess/go/vt/vtgate/vtgate.go:715.38,717.4 1 1
github.com/youtube/vitess/go/vt/vtgate/vtgate.go:719.3,722.3 1 1
github.com/youtube/vitess/go/vt/vtgate/vtgate.go:726.37,728.3 1 1
github.com/youtube/vitess/go/vt/vtgate/vtgate.go:748.94,751.95 1 1
github.com/youtube/vitess/go/vt/vtgate/vtgate.go:751.95,756.50 2 1
github.com/youtube/vitess/go/vt/vtgate/vtgate.go:759.3,760.17 2 1
github.com/youtube/vitess/go/vt/vtgate/vtgate.go:763.3,773.9 1 1
github.com/youtube/vitess/go/vt/vtgate/vtgate.go:756.50,758.4 1 1
github.com/youtube/vitess/go/vt/vtgate/vtgate.go:760.17,762.4 1 0
github.com/youtube/vitess/go/vt/vtgate/vtgate.go:781.94,784.95 1 1
github.com/youtube/vitess/go/vt/vtgate/vtgate.go:784.95,786.17 2 1
github.com/youtube/vitess/go/vt/vtgate/vtgate.go:789.3,799.9 1 1
github.com/youtube/vitess/go/vt/vtgate/vtgate.go:786.17,788.4 1 0
github.com/youtube/vitess/go/vt/vtgate/vtgate.go:804.106,806.2 1 0
github.com/youtube/vitess/go/vt/vtgate/vtgate.go:809.251,825.16 6 0
github.com/youtube/vitess/go/vt/vtgate/vtgate.go:836.2,836.25 1 0
github.com/youtube/vitess/go/vt/vtgate/vtgate.go:825.16,835.3 3 0
github.com/youtube/vitess/go/vt/vtgate/vtgate.go:840.74,842.2 1 0
github.com/youtube/vitess/go/vt/vtgate/vtgate.go:845.49,847.2 1 0
github.com/youtube/vitess/go/vt/vtgate/vtgate.go:851.89,852.37 1 1
github.com/youtube/vitess/go/vt/vtgate/vtgate.go:858.2,859.33 2 1
github.com/youtube/vitess/go/vt/vtgate/vtgate.go:865.2,865.41 1 1
github.com/youtube/vitess/go/vt/vtgate/vtgate.go:852.37,857.3 2 0
github.com/youtube/vitess/go/vt/vtgate/vtgate.go:859.33,864.3 2 1
github.com/youtube/vitess/go/vt/vtgate/vtgate.go:874.44,877.24 3 1
github.com/youtube/vitess/go/vt/vtgate/vtgate.go:908.2,908.14 1 1
github.com/youtube/vitess/go/vt/vtgate/vtgate.go:877.24,882.24 3 1
github.com/youtube/vitess/go/vt/vtgate/vtgate.go:883.3,884.42 1 1
github.com/youtube/vitess/go/vt/vtgate/vtgate.go:885.3,886.38 1 1
github.com/youtube/vitess/go/vt/vtgate/vtgate.go:887.3,890.15 1 1
github.com/youtube/vitess/go/vt/vtgate/vtgate.go:891.3,891.32 0 1
github.com/youtube/vitess/go/vt/vtgate/vtgate.go:894.3,895.29 1 1
github.com/youtube/vitess/go/vt/vtgate/vtgate.go:905.4,905.15 1 1
github.com/youtube/vitess/go/vt/vtgate/vtgate.go:895.29,898.13 1 1
github.com/youtube/vitess/go/vt/vtgate/vtgate.go:911.124,914.12 2 1
github.com/youtube/vitess/go/vt/vtgate/vtgate.go:931.2,932.36 2 1
github.com/youtube/vitess/go/vt/vtgate/vtgate.go:915.2,917.30 1 1
github.com/youtube/vitess/go/vt/vtgate/vtgate.go:918.2,920.32 1 1
github.com/youtube/vitess/go/vt/vtgate/vtgate.go:921.2,923.40 1 1
github.com/youtube/vitess/go/vt/vtgate/vtgate.go:924.2,927.31 2 1
github.com/youtube/vitess/go/vt/vtgate/vtgate.go:935.35,936.16 1 1
github.com/youtube/vitess/go/vt/vtgate/vtgate.go:939.2,940.36 2 1
github.com/youtube/vitess/go/vt/vtgate/vtgate.go:936.16,938.3 1 1
github.com/youtube/vitess/go/vt/vtgate/vtgate.go:944.44,945.30 1 0
github.com/youtube/vitess/go/vt/vtgate/vtgate.go:945.30,949.3 3 0
github.com/youtube/vitess/go/vt/vtgate/vtgate.go:953.79,954.28 1 1
github.com/youtube/vitess/go/vt/vtgate/vtgate.go:954.28,956.3 1 1
github.com/youtube/vitess/go/vt/vtgate/vtgate.go:960.81,961.28 1 1
github.com/youtube/vitess/go/vt/vtgate/vtgate.go:961.28,963.3 1 1
github.com/youtube/vitess/go/vt/vtgate/query_executor.go:26.169,34.2 1 1
github.com/youtube/vitess/go/vt/vtgate/query_executor.go:37.107,39.2 1 1
github.com/youtube/vitess/go/vt/vtgate/query_executor.go:42.157,45.2 1 1
github.com/youtube/vitess/go/vt/vtgate/query_executor.go:48.173,50.2 1 1
github.com/youtube/vitess/go/vt/vtgate/query_executor.go:53.85,55.2 1 1
github.com/youtube/vitess/go/vt/vtgate/query_executor.go:58.175,60.2 1 1
github.com/youtube/vitess/go/vt/vtgate/query_executor.go:63.132,65.2 1 1
github.com/youtube/vitess/go/vt/vtgate/query_executor.go:68.123,70.2 1 1
github.com/youtube/vitess/go/vt/vtgate/query_executor.go:72.129,74.2 1 1
github.com/youtube/vitess/go/vt/vtgate/router.go:28.136,35.2 1 1
github.com/youtube/vitess/go/vt/vtgate/router.go:38.254,39.21 1 1
github.com/youtube/vitess/go/vt/vtgate/router.go:42.2,45.16 4 1
github.com/youtube/vitess/go/vt/vtgate/router.go:48.2,51.20 3 1
github.com/youtube/vitess/go/vt/vtgate/router.go:39.21,41.3 1 1
github.com/youtube/vitess/go/vt/vtgate/router.go:45.16,47.3 1 1
github.com/youtube/vitess/go/vt/vtgate/router.go:55.230,56.21 1 1
github.com/youtube/vitess/go/vt/vtgate/router.go:59.2,62.16 4 1
github.com/youtube/vitess/go/vt/vtgate/router.go:65.2,65.112 1 1
github.com/youtube/vitess/go/vt/vtgate/router.go:56.21,58.3 1 1
github.com/youtube/vitess/go/vt/vtgate/router.go:62.16,64.3 1 0
github.com/youtube/vitess/go/vt/vtgate/router.go:69.295,71.16 2 0
github.com/youtube/vitess/go/vt/vtgate/router.go:74.2,75.16 2 0
github.com/youtube/vitess/go/vt/vtgate/router.go:78.2,82.21 4 0
github.com/youtube/vitess/go/vt/vtgate/router.go:71.16,73.3 1 0
github.com/youtube/vitess/go/vt/vtgate/router.go:75.16,77.3 1 0
github.com/youtube/vitess/go/vt/vtgate/router.go:86.129,87.21 1 1
github.com/youtube/vitess/go/vt/vtgate/router.go:92.2,94.16 3 1
github.com/youtube/vitess/go/vt/vtgate/router.go:98.2,98.95 1 1
github.com/youtube/vitess/go/vt/vtgate/router.go:87.21,89.3 1 0
github.com/youtube/vitess/go/vt/vtgate/router.go:94.16,96.3 1 0
github.com/youtube/vitess/go/vt/vtgate/router.go:102.155,103.64 1 0
github.com/youtube/vitess/go/vt/vtgate/router.go:107.193,109.16 2 0
github.com/youtube/vitess/go/vt/vtgate/router.go:112.2,113.16 2 0
github.com/youtube/vitess/go/vt/vtgate/router.go:116.2,116.105 1 0
github.com/youtube/vitess/go/vt/vtgate/router.go:109.16,111.3 1 0
github.com/youtube/vitess/go/vt/vtgate/router.go:113.16,115.3 1 0
github.com/youtube/vitess/go/vt/vtgate/router.go:121.70,124.9 3 1
github.com/youtube/vitess/go/vt/vtgate/router.go:127.2,127.24 1 1
github.com/youtube/vitess/go/vt/vtgate/router.go:130.2,130.28 1 1
github.com/youtube/vitess/go/vt/vtgate/router.go:124.9,126.3 1 0
github.com/youtube/vitess/go/vt/vtgate/router.go:127.24,129.3 1 0
github.com/youtube/vitess/go/vt/vtgate/safe_session.go:42.59,43.18 1 1
github.com/youtube/vitess/go/vt/vtgate/safe_session.go:46.2,47.48 2 1
github.com/youtube/vitess/go/vt/vtgate/safe_session.go:52.2,56.4 1 1
github.com/youtube/vitess/go/vt/vtgate/safe_session.go:43.18,45.3 1 1
github.com/youtube/vitess/go/vt/vtgate/safe_session.go:47.48,51.3 1 1
github.com/youtube/vitess/go/vt/vtgate/safe_session.go:60.50,61.46 1 1
github.com/youtube/vitess/go/vt/vtgate/safe_session.go:64.2,66.38 3 1
github.com/youtube/vitess/go/vt/vtgate/safe_session.go:61.46,63.3 1 1
github.com/youtube/vitess/go/vt/vtgate/safe_session.go:70.116,71.20 1 1
github.com/youtube/vitess/go/vt/vtgate/safe_session.go:74.2,76.61 3 1
github.com/youtube/vitess/go/vt/vtgate/safe_session.go:81.2,81.22 1 1
github.com/youtube/vitess/go/vt/vtgate/safe_session.go:84.2,91.16 3 1
github.com/youtube/vitess/go/vt/vtgate/safe_session.go:95.2,95.30 1 1
github.com/youtube/vitess/go/vt/vtgate/safe_session.go:71.20,73.3 1 0
github.com/youtube/vitess/go/vt/vtgate/safe_session.go:76.61,77.166 1 1
github.com/youtube/vitess/go/vt/vtgate/safe_session.go:77.166,79.4 1 1
github.com/youtube/vitess/go/vt/vtgate/safe_session.go:81.22,83.3 1 1
github.com/youtube/vitess/go/vt/vtgate/safe_session.go:91.16,93.3 1 1
github.com/youtube/vitess/go/vt/vtgate/safe_session.go:99.74,102.60 2 1
github.com/youtube/vitess/go/vt/vtgate/safe_session.go:113.2,113.12 1 1
github.com/youtube/vitess/go/vt/vtgate/safe_session.go:102.60,104.62 2 1
github.com/youtube/vitess/go/vt/vtgate/safe_session.go:107.3,108.62 2 1
github.com/youtube/vitess/go/vt/vtgate/safe_session.go:111.3,111.69 1 1
github.com/youtube/vitess/go/vt/vtgate/safe_session.go:104.62,106.4 1 1
github.com/youtube/vitess/go/vt/vtgate/safe_session.go:108.62,110.4 1 1
github.com/youtube/vitess/go/vt/vtgate/safe_session.go:118.43,119.80 1 1
github.com/youtube/vitess/go/vt/vtgate/safe_session.go:122.2,124.29 3 1
github.com/youtube/vitess/go/vt/vtgate/safe_session.go:119.80,121.3 1 1
github.com/youtube/vitess/go/vt/vtgate/safe_session.go:128.49,129.20 1 1
github.com/youtube/vitess/go/vt/vtgate/safe_session.go:132.2,134.29 3 1
github.com/youtube/vitess/go/vt/vtgate/safe_session.go:129.20,131.3 1 1
github.com/youtube/vitess/go/vt/vtgate/safe_session.go:138.37,139.46 1 1
github.com/youtube/vitess/go/vt/vtgate/safe_session.go:142.2,145.33 4 1
github.com/youtube/vitess/go/vt/vtgate/safe_session.go:139.46,141.3 1 0
github.com/youtube/vitess/go/vt/vtgate/safe_session.go:149.72,150.33 1 1
github.com/youtube/vitess/go/vt/vtgate/safe_session.go:150.33,154.70 4 1
github.com/youtube/vitess/go/vt/vtgate/safe_session.go:154.70,157.39 3 1
github.com/youtube/vitess/go/vt/vtgate/safe_session.go:157.39,159.5 1 1
github.com/youtube/vitess/go/vt/vtgate/scatter_conn.go:57.88,59.21 2 1
github.com/youtube/vitess/go/vt/vtgate/scatter_conn.go:62.2,67.3 1 1
github.com/youtube/vitess/go/vt/vtgate/scatter_conn.go:59.21,61.3 1 1
github.com/youtube/vitess/go/vt/vtgate/scatter_conn.go:70.96,74.2 3 1
github.com/youtube/vitess/go/vt/vtgate/scatter_conn.go:76.150,77.17 1 1
github.com/youtube/vitess/go/vt/vtgate/scatter_conn.go:90.2,90.41 1 1
github.com/youtube/vitess/go/vt/vtgate/scatter_conn.go:77.17,83.83 3 1
github.com/youtube/vitess/go/vt/vtgate/scatter_conn.go:86.3,86.86 1 1
github.com/youtube/vitess/go/vt/vtgate/scatter_conn.go:83.83,85.4 1 1
github.com/youtube/vitess/go/vt/vtgate/scatter_conn.go:86.86,88.4 1 1
github.com/youtube/vitess/go/vt/vtgate/scatter_conn.go:104.29,118.86 3 1
github.com/youtube/vitess/go/vt/vtgate/scatter_conn.go:139.2,139.16 1 1
github.com/youtube/vitess/go/vt/vtgate/scatter_conn.go:118.86,120.19 2 1
github.com/youtube/vitess/go/vt/vtgate/scatter_conn.go:134.4,137.29 4 1
github.com/youtube/vitess/go/vt/vtgate/scatter_conn.go:120.19,123.19 3 1
github.com/youtube/vitess/go/vt/vtgate/scatter_conn.go:123.19,125.6 1 0
github.com/youtube/vitess/go/vt/vtgate/scatter_conn.go:126.5,129.19 3 1
github.com/youtube/vitess/go/vt/vtgate/scatter_conn.go:129.19,131.6 1 1
github.com/youtube/vitess/go/vt/vtgate/scatter_conn.go:152.29,158.34 4 1
github.com/youtube/vitess/go/vt/vtgate/scatter_conn.go:162.2,170.86 1 1
github.com/youtube/vitess/go/vt/vtgate/scatter_conn.go:191.2,191.16 1 1
github.com/youtube/vitess/go/vt/vtgate/scatter_conn.go:158.34,160.3 1 1
github.com/youtube/vitess/go/vt/vtgate/scatter_conn.go:170.86,172.19 2 1
github.com/youtube/vitess/go/vt/vtgate/scatter_conn.go:186.4,189.29 4 1
github.com/youtube/vitess/go/vt/vtgate/scatter_conn.go:172.19,175.19 3 1
github.com/youtube/vitess/go/vt/vtgate/scatter_conn.go:175.19,177.6 1 0
github.com/youtube/vitess/go/vt/vtgate/scatter_conn.go:178.5,181.19 3 1
github.com/youtube/vitess/go/vt/vtgate/scatter_conn.go:181.19,183.6 1 1
github.com/youtube/vitess/go/vt/vtgate/scatter_conn.go:205.29,219.86 3 1
github.com/youtube/vitess/go/vt/vtgate/scatter_conn.go:243.2,243.16 1 1
github.com/youtube/vitess/go/vt/vtgate/scatter_conn.go:219.86,224.19 4 1
github.com/youtube/vitess/go/vt/vtgate/scatter_conn.go:238.4,241.29 4 1
github.com/youtube/vitess/go/vt/vtgate/scatter_conn.go:224.19,227.19 3 1
github.com/youtube/vitess/go/vt/vtgate/scatter_conn.go:227.19,229.6 1 0
github.com/youtube/vitess/go/vt/vtgate/scatter_conn.go:230.5,233.19 3 1
github.com/youtube/vitess/go/vt/vtgate/scatter_conn.go:233.19,235.6 1 1
github.com/youtube/vitess/go/vt/vtgate/scatter_conn.go:270.70,277.44 5 1
github.com/youtube/vitess/go/vt/vtgate/scatter_conn.go:331.2,333.28 2 1
github.com/youtube/vitess/go/vt/vtgate/scatter_conn.go:336.2,336.27 1 1
github.com/youtube/vitess/go/vt/vtgate/scatter_conn.go:339.2,339.21 1 1
github.com/youtube/vitess/go/vt/vtgate/scatter_conn.go:277.44,279.35 2 1
github.com/youtube/vitess/go/vt/vtgate/scatter_conn.go:279.35,292.24 7 1
github.com/youtube/vitess/go/vt/vtgate/scatter_conn.go:296.4,298.31 3 1
github.com/youtube/vitess/go/vt/vtgate/scatter_conn.go:324.4,326.36 3 1
github.com/youtube/vitess/go/vt/vtgate/scatter_conn.go:292.24,295.5 2 1
github.com/youtube/vitess/go/vt/vtgate/scatter_conn.go:298.31,302.27 4 1
github.com/youtube/vitess/go/vt/vtgate/scatter_conn.go:302.27,304.28 2 1
github.com/youtube/vitess/go/vt/vtgate/scatter_conn.go:307.6,307.20 1 1
github.com/youtube/vitess/go/vt/vtgate/scatter_conn.go:304.28,306.7 1 1
github.com/youtube/vitess/go/vt/vtgate/scatter_conn.go:307.20,309.7 1 0
github.com/youtube/vitess/go/vt/vtgate/scatter_conn.go:310.6,312.20 2 0
github.com/youtube/vitess/go/vt/vtgate/scatter_conn.go:312.20,314.7 1 0
github.com/youtube/vitess/go/vt/vtgate/scatter_conn.go:317.5,319.19 2 1
github.com/youtube/vitess/go/vt/vtgate/scatter_conn.go:319.19,321.6 1 1
github.com/youtube/vitess/go/vt/vtgate/scatter_conn.go:326.36,328.5 1 1
github.com/youtube/vitess/go/vt/vtgate/scatter_conn.go:333.28,335.3 1 1
github.com/youtube/vitess/go/vt/vtgate/scatter_conn.go:336.27,338.3 1 1
github.com/youtube/vitess/go/vt/vtgate/scatter_conn.go:342.194,343.16 1 1
github.com/youtube/vitess/go/vt/vtgate/scatter_conn.go:346.2,346.6 1 1
github.com/youtube/vitess/go/vt/vtgate/scatter_conn.go:343.16,345.3 1 1
github.com/youtube/vitess/go/vt/vtgate/scatter_conn.go:346.6,348.17 2 1
github.com/youtube/vitess/go/vt/vtgate/scatter_conn.go:355.3,356.23 2 1
github.com/youtube/vitess/go/vt/vtgate/scatter_conn.go:368.3,368.46 1 1
github.com/youtube/vitess/go/vt/vtgate/scatter_conn.go:375.3,376.14 2 1
github.com/youtube/vitess/go/vt/vtgate/scatter_conn.go:348.17,349.21 1 1
github.com/youtube/vitess/go/vt/vtgate/scatter_conn.go:352.4,352.14 1 0
github.com/youtube/vitess/go/vt/vtgate/scatter_conn.go:349.21,351.5 1 1
github.com/youtube/vitess/go/vt/vtgate/scatter_conn.go:356.23,359.8 2 0
github.com/youtube/vitess/go/vt/vtgate/scatter_conn.go:364.4,364.14 1 0
github.com/youtube/vitess/go/vt/vtgate/scatter_conn.go:359.8,360.44 1 0
github.com/youtube/vitess/go/vt/vtgate/scatter_conn.go:360.44,361.11 1 0
github.com/youtube/vitess/go/vt/vtgate/scatter_conn.go:368.46,369.18 1 1
github.com/youtube/vitess/go/vt/vtgate/scatter_conn.go:373.4,373.21 1 1
github.com/youtube/vitess/go/vt/vtgate/scatter_conn.go:369.18,371.13 2 0
github.com/youtube/vitess/go/vt/vtgate/scatter_conn.go:390.9,403.38 4 1
github.com/youtube/vitess/go/vt/vtgate/scatter_conn.go:407.2,407.21 1 1
github.com/youtube/vitess/go/vt/vtgate/scatter_conn.go:410.2,410.49 1 1
github.com/youtube/vitess/go/vt/vtgate/scatter_conn.go:403.38,406.4 2 1
github.com/youtube/vitess/go/vt/vtgate/scatter_conn.go:407.21,409.3 1 1
github.com/youtube/vitess/go/vt/vtgate/scatter_conn.go:424.9,436.38 4 1
github.com/youtube/vitess/go/vt/vtgate/scatter_conn.go:440.2,440.21 1 1
github.com/youtube/vitess/go/vt/vtgate/scatter_conn.go:443.2,443.49 1 1
github.com/youtube/vitess/go/vt/vtgate/scatter_conn.go:436.38,439.4 2 1
github.com/youtube/vitess/go/vt/vtgate/scatter_conn.go:440.21,442.3 1 1
github.com/youtube/vitess/go/vt/vtgate/scatter_conn.go:448.167,450.16 2 0
github.com/youtube/vitess/go/vt/vtgate/scatter_conn.go:454.2,454.6 1 0
github.com/youtube/vitess/go/vt/vtgate/scatter_conn.go:450.16,452.3 1 0
github.com/youtube/vitess/go/vt/vtgate/scatter_conn.go:454.6,456.17 2 0
github.com/youtube/vitess/go/vt/vtgate/scatter_conn.go:459.3,459.38 1 0
github.com/youtube/vitess/go/vt/vtgate/scatter_conn.go:456.17,458.4 1 0
github.com/youtube/vitess/go/vt/vtgate/scatter_conn.go:459.38,461.4 1 0
github.com/youtube/vitess/go/vt/vtgate/scatter_conn.go:481.64,495.38 4 1
github.com/youtube/vitess/go/vt/vtgate/scatter_conn.go:527.2,527.27 1 1
github.com/youtube/vitess/go/vt/vtgate/scatter_conn.go:537.2,538.22 2 1
github.com/youtube/vitess/go/vt/vtgate/scatter_conn.go:495.38,509.18 3 1
github.com/youtube/vitess/go/vt/vtgate/scatter_conn.go:512.4,513.43 2 1
github.com/youtube/vitess/go/vt/vtgate/scatter_conn.go:520.4,523.14 4 1
github.com/youtube/vitess/go/vt/vtgate/scatter_conn.go:509.18,511.5 1 1
github.com/youtube/vitess/go/vt/vtgate/scatter_conn.go:513.43,515.19 2 1
github.com/youtube/vitess/go/vt/vtgate/scatter_conn.go:515.19,517.6 1 0
github.com/youtube/vitess/go/vt/vtgate/scatter_conn.go:527.27,530.3 2 1
github.com/youtube/vitess/go/vt/vtgate/scatter_conn.go:549.13,552.2 1 1
github.com/youtube/vitess/go/vt/vtgate/scatter_conn.go:559.95,563.2 3 1
github.com/youtube/vitess/go/vt/vtgate/scatter_conn.go:568.68,569.40 1 1
github.com/youtube/vitess/go/vt/vtgate/scatter_conn.go:569.40,573.3 2 1
github.com/youtube/vitess/go/vt/vtgate/scatter_conn.go:577.39,579.2 1 0
github.com/youtube/vitess/go/vt/vtgate/scatter_conn.go:582.79,584.2 1 0
github.com/youtube/vitess/go/vt/vtgate/scatter_conn.go:596.43,598.2 1 1
github.com/youtube/vitess/go/vt/vtgate/scatter_conn.go:602.60,604.2 1 1
github.com/youtube/vitess/go/vt/vtgate/scatter_conn.go:606.63,608.27 2 1
github.com/youtube/vitess/go/vt/vtgate/scatter_conn.go:615.2,619.3 1 1
github.com/youtube/vitess/go/vt/vtgate/scatter_conn.go:608.27,610.159 2 1
github.com/youtube/vitess/go/vt/vtgate/scatter_conn.go:610.159,612.9 2 1
github.com/youtube/vitess/go/vt/vtgate/scatter_conn.go:632.45,635.24 3 1
github.com/youtube/vitess/go/vt/vtgate/scatter_conn.go:639.2,639.33 1 1
github.com/youtube/vitess/go/vt/vtgate/scatter_conn.go:651.2,651.24 1 1
github.com/youtube/vitess/go/vt/vtgate/scatter_conn.go:659.2,660.30 2 1
github.com/youtube/vitess/go/vt/vtgate/scatter_conn.go:667.2,668.18 2 1
github.com/youtube/vitess/go/vt/vtgate/scatter_conn.go:635.24,637.3 1 1
github.com/youtube/vitess/go/vt/vtgate/scatter_conn.go:639.33,649.3 5 1
github.com/youtube/vitess/go/vt/vtgate/scatter_conn.go:651.24,653.31 1 1
github.com/youtube/vitess/go/vt/vtgate/scatter_conn.go:653.31,656.4 2 1
github.com/youtube/vitess/go/vt/vtgate/scatter_conn.go:660.30,662.25 2 1
github.com/youtube/vitess/go/vt/vtgate/scatter_conn.go:662.25,665.4 2 1
github.com/youtube/vitess/go/vt/vtgate/scatter_conn.go:686.9,688.24 2 1
github.com/youtube/vitess/go/vt/vtgate/scatter_conn.go:692.2,693.33 2 1
github.com/youtube/vitess/go/vt/vtgate/scatter_conn.go:721.2,722.24 2 1
github.com/youtube/vitess/go/vt/vtgate/scatter_conn.go:730.2,730.30 1 1
github.com/youtube/vitess/go/vt/vtgate/scatter_conn.go:737.2,740.28 2 1
github.com/youtube/vitess/go/vt/vtgate/scatter_conn.go:743.2,743.27 1 1
github.com/youtube/vitess/go/vt/vtgate/scatter_conn.go:746.2,746.12 1 1
github.com/youtube/vitess/go/vt/vtgate/scatter_conn.go:688.24,690.3 1 1
github.com/youtube/vitess/go/vt/vtgate/scatter_conn.go:693.33,704.23 6 1
github.com/youtube/vitess/go/vt/vtgate/scatter_conn.go:708.3,708.30 1 1
github.com/youtube/vitess/go/vt/vtgate/scatter_conn.go:704.23,707.4 2 1
github.com/youtube/vitess/go/vt/vtgate/scatter_conn.go:708.30,710.4 1 1
github.com/youtube/vitess/go/vt/vtgate/scatter_conn.go:710.4,713.43 3 1
github.com/youtube/vitess/go/vt/vtgate/scatter_conn.go:713.43,715.5 1 1
github.com/youtube/vitess/go/vt/vtgate/scatter_conn.go:715.5,717.5 1 1
github.com/youtube/vitess/go/vt/vtgate/scatter_conn.go:722.24,724.31 1 1
github.com/youtube/vitess/go/vt/vtgate/scatter_conn.go:724.31,726.12 2 1
github.com/youtube/vitess/go/vt/vtgate/scatter_conn.go:730.30,732.25 2 1
github.com/youtube/vitess/go/vt/vtgate/scatter_conn.go:732.25,735.4 2 1
github.com/youtube/vitess/go/vt/vtgate/scatter_conn.go:740.28,742.3 1 1
github.com/youtube/vitess/go/vt/vtgate/scatter_conn.go:743.27,745.3 1 1
github.com/youtube/vitess/go/vt/vtgate/scatter_conn.go:756.30,757.30 1 1
github.com/youtube/vitess/go/vt/vtgate/scatter_conn.go:764.2,764.55 1 1
github.com/youtube/vitess/go/vt/vtgate/scatter_conn.go:757.30,759.3 1 1
github.com/youtube/vitess/go/vt/vtgate/scatter_conn.go:767.70,769.27 2 1
github.com/youtube/vitess/go/vt/vtgate/scatter_conn.go:772.2,772.15 1 1
github.com/youtube/vitess/go/vt/vtgate/scatter_conn.go:769.27,771.3 1 1
github.com/youtube/vitess/go/vt/vtgate/scatter_conn.go:775.46,777.23 2 1
github.com/youtube/vitess/go/vt/vtgate/scatter_conn.go:780.2,780.12 1 1
github.com/youtube/vitess/go/vt/vtgate/scatter_conn.go:777.23,779.3 1 1
